2025-01-20T13:31:29.389+09:00  INFO 19308 --- [relation] [restartedMain] c.example.relation.RelationApplication   : Starting RelationApplication using Java 21.0.5 with PID 19308 (C:\Users\하은\sesac\my\Java\relation\build\classes\java\main started by 하은 in C:\Users\하은\sesac\my\Java\relation)
2025-01-20T13:31:29.393+09:00  INFO 19308 --- [relation] [restartedMain] c.example.relation.RelationApplication   : No active profile set, falling back to 1 default profile: "default"
2025-01-20T13:31:29.516+09:00  INFO 19308 --- [relation] [restartedMain] .e.DevToolsPropertyDefaultsPostProcessor : Devtools property defaults active! Set 'spring.devtools.add-properties' to 'false' to disable
2025-01-20T13:31:29.523+09:00  INFO 19308 --- [relation] [restartedMain] .e.DevToolsPropertyDefaultsPostProcessor : For additional web related logging consider setting the 'logging.level.web' property to 'DEBUG'
2025-01-20T13:31:32.070+09:00  INFO 19308 --- [relation] [restartedMain] .s.d.r.c.RepositoryConfigurationDelegate : Bootstrapping Spring Data JPA repositories in DEFAULT mode.
2025-01-20T13:31:32.272+09:00  INFO 19308 --- [relation] [restartedMain] .s.d.r.c.RepositoryConfigurationDelegate : Finished Spring Data repository scanning in 184 ms. Found 6 JPA repository interfaces.
2025-01-20T13:31:33.906+09:00  INFO 19308 --- [relation] [restartedMain] o.s.b.w.embedded.tomcat.TomcatWebServer  : Tomcat initialized with port 8080 (http)
2025-01-20T13:31:33.937+09:00  INFO 19308 --- [relation] [restartedMain] o.apache.catalina.core.StandardService   : Starting service [Tomcat]
2025-01-20T13:31:33.937+09:00  INFO 19308 --- [relation] [restartedMain] o.apache.catalina.core.StandardEngine    : Starting Servlet engine: [Apache Tomcat/10.1.34]
2025-01-20T13:31:34.080+09:00  INFO 19308 --- [relation] [restartedMain] o.a.c.c.C.[Tomcat].[localhost].[/]       : Initializing Spring embedded WebApplicationContext
2025-01-20T13:31:34.081+09:00  INFO 19308 --- [relation] [restartedMain] w.s.c.ServletWebServerApplicationContext : Root WebApplicationContext: initialization completed in 4558 ms
2025-01-20T13:31:34.375+09:00  INFO 19308 --- [relation] [restartedMain] o.hibernate.jpa.internal.util.LogHelper  : HHH000204: Processing PersistenceUnitInfo [name: default]
2025-01-20T13:31:34.492+09:00  INFO 19308 --- [relation] [restartedMain] org.hibernate.Version                    : HHH000412: Hibernate ORM core version 6.6.4.Final
2025-01-20T13:31:34.562+09:00  INFO 19308 --- [relation] [restartedMain] o.h.c.internal.RegionFactoryInitiator    : HHH000026: Second-level cache disabled
2025-01-20T13:31:35.154+09:00  INFO 19308 --- [relation] [restartedMain] o.s.o.j.p.SpringPersistenceUnitInfo      : No LoadTimeWeaver setup: ignoring JPA class transformer
2025-01-20T13:31:35.220+09:00  INFO 19308 --- [relation] [restartedMain] com.zaxxer.hikari.HikariDataSource       : HikariPool-1 - Starting...
2025-01-20T13:31:35.874+09:00  INFO 19308 --- [relation] [restartedMain] com.zaxxer.hikari.pool.HikariPool        : HikariPool-1 - Added connection com.mysql.cj.jdbc.ConnectionImpl@eb721e1
2025-01-20T13:31:35.879+09:00  INFO 19308 --- [relation] [restartedMain] com.zaxxer.hikari.HikariDataSource       : HikariPool-1 - Start completed.
2025-01-20T13:31:36.040+09:00  INFO 19308 --- [relation] [restartedMain] org.hibernate.orm.connections.pooling    : HHH10001005: Database info:
	Database JDBC URL [Connecting through datasource 'HikariDataSource (HikariPool-1)']
	Database driver: undefined/unknown
	Database version: 8.0.40
	Autocommit mode: undefined/unknown
	Isolation level: undefined/unknown
	Minimum pool size: undefined/unknown
	Maximum pool size: undefined/unknown
2025-01-20T13:31:37.952+09:00  INFO 19308 --- [relation] [restartedMain] o.h.e.t.j.p.i.JtaPlatformInitiator       : HHH000489: No JTA platform available (set 'hibernate.transaction.jta.platform' to enable JTA platform integration)
2025-01-20T13:31:38.816+09:00  INFO 19308 --- [relation] [restartedMain] j.LocalContainerEntityManagerFactoryBean : Initialized JPA EntityManagerFactory for persistence unit 'default'
2025-01-20T13:31:39.608+09:00  INFO 19308 --- [relation] [restartedMain] o.s.d.j.r.query.QueryEnhancerFactory     : Hibernate is in classpath; If applicable, HQL parser will be used.
2025-01-20T13:31:41.713+09:00  WARN 19308 --- [relation] [restartedMain] JpaBaseConfiguration$JpaWebConfiguration : spring.jpa.open-in-view is enabled by default. Therefore, database queries may be performed during view rendering. Explicitly configure spring.jpa.open-in-view to disable this warning
2025-01-20T13:31:41.741+09:00  INFO 19308 --- [relation] [restartedMain] r$InitializeUserDetailsManagerConfigurer : Global AuthenticationManager configured with UserDetailsService bean with name customUserDetailsService
2025-01-20T13:31:42.301+09:00  WARN 19308 --- [relation] [restartedMain] thorizationManagerRequestMatcherRegistry : One of the patterns in [/swagger-ui/**, swagger-ui.html, /api-docs/**] is missing a leading slash. This is discouraged; please include the leading slash in all your request matcher patterns. In future versions of Spring Security, leaving out the leading slash will result in an exception.
2025-01-20T13:31:43.018+09:00  INFO 19308 --- [relation] [restartedMain] o.s.b.d.a.OptionalLiveReloadServer       : LiveReload server is running on port 35729
2025-01-20T13:31:43.098+09:00  INFO 19308 --- [relation] [restartedMain] o.s.b.w.embedded.tomcat.TomcatWebServer  : Tomcat started on port 8080 (http) with context path '/'
2025-01-20T13:31:43.122+09:00  INFO 19308 --- [relation] [restartedMain] c.example.relation.RelationApplication   : Started RelationApplication in 14.556 seconds (process running for 15.361)
2025-01-20T13:31:51.307+09:00  INFO 19308 --- [relation] [http-nio-8080-exec-1] o.a.c.c.C.[Tomcat].[localhost].[/]       : Initializing Spring DispatcherServlet 'dispatcherServlet'
2025-01-20T13:31:51.308+09:00  INFO 19308 --- [relation] [http-nio-8080-exec-1] o.s.web.servlet.DispatcherServlet        : Initializing Servlet 'dispatcherServlet'
2025-01-20T13:31:51.311+09:00  INFO 19308 --- [relation] [http-nio-8080-exec-1] o.s.web.servlet.DispatcherServlet        : Completed initialization in 3 ms
2025-01-20T13:31:51.518+09:00  INFO 19308 --- [relation] [http-nio-8080-exec-1] c.e.relation.domain.post.PostService     : read posts
2025-01-20T13:35:52.781+09:00  INFO 21740 --- [relation] [restartedMain] c.example.relation.RelationApplication   : Starting RelationApplication using Java 21.0.5 with PID 21740 (C:\Users\하은\sesac\my\Java\relation\build\classes\java\main started by 하은 in C:\Users\하은\sesac\my\Java\relation)
2025-01-20T13:35:52.786+09:00  INFO 21740 --- [relation] [restartedMain] c.example.relation.RelationApplication   : No active profile set, falling back to 1 default profile: "default"
2025-01-20T13:35:52.894+09:00  INFO 21740 --- [relation] [restartedMain] .e.DevToolsPropertyDefaultsPostProcessor : Devtools property defaults active! Set 'spring.devtools.add-properties' to 'false' to disable
2025-01-20T13:35:52.895+09:00  INFO 21740 --- [relation] [restartedMain] .e.DevToolsPropertyDefaultsPostProcessor : For additional web related logging consider setting the 'logging.level.web' property to 'DEBUG'
2025-01-20T13:35:55.092+09:00  INFO 21740 --- [relation] [restartedMain] .s.d.r.c.RepositoryConfigurationDelegate : Bootstrapping Spring Data JPA repositories in DEFAULT mode.
2025-01-20T13:35:55.296+09:00  INFO 21740 --- [relation] [restartedMain] .s.d.r.c.RepositoryConfigurationDelegate : Finished Spring Data repository scanning in 187 ms. Found 6 JPA repository interfaces.
2025-01-20T13:35:56.790+09:00  INFO 21740 --- [relation] [restartedMain] o.s.b.w.embedded.tomcat.TomcatWebServer  : Tomcat initialized with port 8080 (http)
2025-01-20T13:35:56.818+09:00  INFO 21740 --- [relation] [restartedMain] o.apache.catalina.core.StandardService   : Starting service [Tomcat]
2025-01-20T13:35:56.819+09:00  INFO 21740 --- [relation] [restartedMain] o.apache.catalina.core.StandardEngine    : Starting Servlet engine: [Apache Tomcat/10.1.34]
2025-01-20T13:35:56.949+09:00  INFO 21740 --- [relation] [restartedMain] o.a.c.c.C.[Tomcat].[localhost].[/]       : Initializing Spring embedded WebApplicationContext
2025-01-20T13:35:56.950+09:00  INFO 21740 --- [relation] [restartedMain] w.s.c.ServletWebServerApplicationContext : Root WebApplicationContext: initialization completed in 4054 ms
2025-01-20T13:35:57.271+09:00  INFO 21740 --- [relation] [restartedMain] o.hibernate.jpa.internal.util.LogHelper  : HHH000204: Processing PersistenceUnitInfo [name: default]
2025-01-20T13:35:57.388+09:00  INFO 21740 --- [relation] [restartedMain] org.hibernate.Version                    : HHH000412: Hibernate ORM core version 6.6.4.Final
2025-01-20T13:35:57.460+09:00  INFO 21740 --- [relation] [restartedMain] o.h.c.internal.RegionFactoryInitiator    : HHH000026: Second-level cache disabled
2025-01-20T13:35:58.058+09:00  INFO 21740 --- [relation] [restartedMain] o.s.o.j.p.SpringPersistenceUnitInfo      : No LoadTimeWeaver setup: ignoring JPA class transformer
2025-01-20T13:35:58.123+09:00  INFO 21740 --- [relation] [restartedMain] com.zaxxer.hikari.HikariDataSource       : HikariPool-1 - Starting...
2025-01-20T13:35:58.758+09:00  INFO 21740 --- [relation] [restartedMain] com.zaxxer.hikari.pool.HikariPool        : HikariPool-1 - Added connection com.mysql.cj.jdbc.ConnectionImpl@46820a30
2025-01-20T13:35:58.763+09:00  INFO 21740 --- [relation] [restartedMain] com.zaxxer.hikari.HikariDataSource       : HikariPool-1 - Start completed.
2025-01-20T13:35:58.932+09:00  INFO 21740 --- [relation] [restartedMain] org.hibernate.orm.connections.pooling    : HHH10001005: Database info:
	Database JDBC URL [Connecting through datasource 'HikariDataSource (HikariPool-1)']
	Database driver: undefined/unknown
	Database version: 8.0.40
	Autocommit mode: undefined/unknown
	Isolation level: undefined/unknown
	Minimum pool size: undefined/unknown
	Maximum pool size: undefined/unknown
2025-01-20T13:36:00.803+09:00  INFO 21740 --- [relation] [restartedMain] o.h.e.t.j.p.i.JtaPlatformInitiator       : HHH000489: No JTA platform available (set 'hibernate.transaction.jta.platform' to enable JTA platform integration)
2025-01-20T13:36:01.626+09:00  INFO 21740 --- [relation] [restartedMain] j.LocalContainerEntityManagerFactoryBean : Initialized JPA EntityManagerFactory for persistence unit 'default'
2025-01-20T13:36:02.227+09:00  INFO 21740 --- [relation] [restartedMain] o.s.d.j.r.query.QueryEnhancerFactory     : Hibernate is in classpath; If applicable, HQL parser will be used.
2025-01-20T13:36:03.950+09:00  WARN 21740 --- [relation] [restartedMain] JpaBaseConfiguration$JpaWebConfiguration : spring.jpa.open-in-view is enabled by default. Therefore, database queries may be performed during view rendering. Explicitly configure spring.jpa.open-in-view to disable this warning
2025-01-20T13:36:03.978+09:00  INFO 21740 --- [relation] [restartedMain] r$InitializeUserDetailsManagerConfigurer : Global AuthenticationManager configured with UserDetailsService bean with name customUserDetailsService
2025-01-20T13:36:04.465+09:00  WARN 21740 --- [relation] [restartedMain] thorizationManagerRequestMatcherRegistry : One of the patterns in [/swagger-ui/**, swagger-ui.html, /api-docs/**] is missing a leading slash. This is discouraged; please include the leading slash in all your request matcher patterns. In future versions of Spring Security, leaving out the leading slash will result in an exception.
2025-01-20T13:36:05.041+09:00  INFO 21740 --- [relation] [restartedMain] o.s.b.d.a.OptionalLiveReloadServer       : LiveReload server is running on port 35729
2025-01-20T13:36:05.115+09:00  INFO 21740 --- [relation] [restartedMain] o.s.b.w.embedded.tomcat.TomcatWebServer  : Tomcat started on port 8080 (http) with context path '/'
2025-01-20T13:36:05.144+09:00  INFO 21740 --- [relation] [restartedMain] c.example.relation.RelationApplication   : Started RelationApplication in 13.144 seconds (process running for 13.944)
2025-01-20T13:37:01.274+09:00  INFO 15480 --- [relation] [restartedMain] c.example.relation.RelationApplication   : Starting RelationApplication using Java 21.0.5 with PID 15480 (C:\Users\하은\sesac\my\Java\relation\build\classes\java\main started by 하은 in C:\Users\하은\sesac\my\Java\relation)
2025-01-20T13:37:01.279+09:00  INFO 15480 --- [relation] [restartedMain] c.example.relation.RelationApplication   : No active profile set, falling back to 1 default profile: "default"
2025-01-20T13:37:01.389+09:00  INFO 15480 --- [relation] [restartedMain] .e.DevToolsPropertyDefaultsPostProcessor : Devtools property defaults active! Set 'spring.devtools.add-properties' to 'false' to disable
2025-01-20T13:37:01.390+09:00  INFO 15480 --- [relation] [restartedMain] .e.DevToolsPropertyDefaultsPostProcessor : For additional web related logging consider setting the 'logging.level.web' property to 'DEBUG'
2025-01-20T13:37:03.786+09:00  INFO 15480 --- [relation] [restartedMain] .s.d.r.c.RepositoryConfigurationDelegate : Bootstrapping Spring Data JPA repositories in DEFAULT mode.
2025-01-20T13:37:04.077+09:00  INFO 15480 --- [relation] [restartedMain] .s.d.r.c.RepositoryConfigurationDelegate : Finished Spring Data repository scanning in 254 ms. Found 6 JPA repository interfaces.
2025-01-20T13:37:05.613+09:00  INFO 15480 --- [relation] [restartedMain] o.s.b.w.embedded.tomcat.TomcatWebServer  : Tomcat initialized with port 8080 (http)
2025-01-20T13:37:05.647+09:00  INFO 15480 --- [relation] [restartedMain] o.apache.catalina.core.StandardService   : Starting service [Tomcat]
2025-01-20T13:37:05.649+09:00  INFO 15480 --- [relation] [restartedMain] o.apache.catalina.core.StandardEngine    : Starting Servlet engine: [Apache Tomcat/10.1.34]
2025-01-20T13:37:05.816+09:00  INFO 15480 --- [relation] [restartedMain] o.a.c.c.C.[Tomcat].[localhost].[/]       : Initializing Spring embedded WebApplicationContext
2025-01-20T13:37:05.817+09:00  INFO 15480 --- [relation] [restartedMain] w.s.c.ServletWebServerApplicationContext : Root WebApplicationContext: initialization completed in 4424 ms
2025-01-20T13:37:06.133+09:00  INFO 15480 --- [relation] [restartedMain] o.hibernate.jpa.internal.util.LogHelper  : HHH000204: Processing PersistenceUnitInfo [name: default]
2025-01-20T13:37:06.277+09:00  INFO 15480 --- [relation] [restartedMain] org.hibernate.Version                    : HHH000412: Hibernate ORM core version 6.6.4.Final
2025-01-20T13:37:06.374+09:00  INFO 15480 --- [relation] [restartedMain] o.h.c.internal.RegionFactoryInitiator    : HHH000026: Second-level cache disabled
2025-01-20T13:37:07.085+09:00  INFO 15480 --- [relation] [restartedMain] o.s.o.j.p.SpringPersistenceUnitInfo      : No LoadTimeWeaver setup: ignoring JPA class transformer
2025-01-20T13:37:07.152+09:00  INFO 15480 --- [relation] [restartedMain] com.zaxxer.hikari.HikariDataSource       : HikariPool-1 - Starting...
2025-01-20T13:37:07.790+09:00  INFO 15480 --- [relation] [restartedMain] com.zaxxer.hikari.pool.HikariPool        : HikariPool-1 - Added connection com.mysql.cj.jdbc.ConnectionImpl@1d5d6233
2025-01-20T13:37:07.794+09:00  INFO 15480 --- [relation] [restartedMain] com.zaxxer.hikari.HikariDataSource       : HikariPool-1 - Start completed.
2025-01-20T13:37:07.983+09:00  INFO 15480 --- [relation] [restartedMain] org.hibernate.orm.connections.pooling    : HHH10001005: Database info:
	Database JDBC URL [Connecting through datasource 'HikariDataSource (HikariPool-1)']
	Database driver: undefined/unknown
	Database version: 8.0.40
	Autocommit mode: undefined/unknown
	Isolation level: undefined/unknown
	Minimum pool size: undefined/unknown
	Maximum pool size: undefined/unknown
2025-01-20T13:37:09.994+09:00  INFO 15480 --- [relation] [restartedMain] o.h.e.t.j.p.i.JtaPlatformInitiator       : HHH000489: No JTA platform available (set 'hibernate.transaction.jta.platform' to enable JTA platform integration)
2025-01-20T13:37:10.951+09:00  INFO 15480 --- [relation] [restartedMain] j.LocalContainerEntityManagerFactoryBean : Initialized JPA EntityManagerFactory for persistence unit 'default'
2025-01-20T13:37:11.557+09:00  INFO 15480 --- [relation] [restartedMain] o.s.d.j.r.query.QueryEnhancerFactory     : Hibernate is in classpath; If applicable, HQL parser will be used.
2025-01-20T13:37:13.183+09:00  WARN 15480 --- [relation] [restartedMain] JpaBaseConfiguration$JpaWebConfiguration : spring.jpa.open-in-view is enabled by default. Therefore, database queries may be performed during view rendering. Explicitly configure spring.jpa.open-in-view to disable this warning
2025-01-20T13:37:13.209+09:00  INFO 15480 --- [relation] [restartedMain] r$InitializeUserDetailsManagerConfigurer : Global AuthenticationManager configured with UserDetailsService bean with name customUserDetailsService
2025-01-20T13:37:13.701+09:00  WARN 15480 --- [relation] [restartedMain] thorizationManagerRequestMatcherRegistry : One of the patterns in [/swagger-ui/**, swagger-ui.html, /api-docs/**] is missing a leading slash. This is discouraged; please include the leading slash in all your request matcher patterns. In future versions of Spring Security, leaving out the leading slash will result in an exception.
2025-01-20T13:37:14.284+09:00  INFO 15480 --- [relation] [restartedMain] o.s.b.d.a.OptionalLiveReloadServer       : LiveReload server is running on port 35729
2025-01-20T13:37:14.342+09:00  INFO 15480 --- [relation] [restartedMain] o.s.b.w.embedded.tomcat.TomcatWebServer  : Tomcat started on port 8080 (http) with context path '/'
2025-01-20T13:37:14.358+09:00  INFO 15480 --- [relation] [restartedMain] c.example.relation.RelationApplication   : Started RelationApplication in 13.948 seconds (process running for 14.811)
2025-01-20T13:37:14.498+09:00 TRACE 15480 --- [relation] [restartedMain] org.hibernate.orm.jdbc.bind              : binding parameter (1:VARCHAR) <- [jun]
2025-01-20T13:37:14.498+09:00 TRACE 15480 --- [relation] [restartedMain] org.hibernate.orm.jdbc.bind              : binding parameter (2:INTEGER) <- [1]
2025-01-20T13:37:14.528+09:00 TRACE 15480 --- [relation] [restartedMain] org.hibernate.orm.jdbc.bind              : binding parameter (1:VARCHAR) <- [jun@example.com]
2025-01-20T13:37:14.528+09:00 TRACE 15480 --- [relation] [restartedMain] org.hibernate.orm.jdbc.bind              : binding parameter (2:INTEGER) <- [1]
2025-01-20T13:37:14.714+09:00 TRACE 15480 --- [relation] [restartedMain] org.hibernate.orm.jdbc.bind              : binding parameter (1:VARCHAR) <- [jun@example.com]
2025-01-20T13:37:14.715+09:00 TRACE 15480 --- [relation] [restartedMain] org.hibernate.orm.jdbc.bind              : binding parameter (2:VARCHAR) <- [$2a$10$4eTdAfH6ebmRyeF/JBOWZOrSt/OMEoSXf1XY/ILjma3Jb8Evh5yym]
2025-01-20T13:37:14.716+09:00 TRACE 15480 --- [relation] [restartedMain] org.hibernate.orm.jdbc.bind              : binding parameter (3:ENUM) <- [ROLE_USER]
2025-01-20T13:37:14.716+09:00 TRACE 15480 --- [relation] [restartedMain] org.hibernate.orm.jdbc.bind              : binding parameter (4:VARCHAR) <- [jun]
2025-01-20T13:37:14.801+09:00 TRACE 15480 --- [relation] [restartedMain] org.hibernate.orm.jdbc.bind              : binding parameter (1:VARCHAR) <- [null]
2025-01-20T13:37:14.802+09:00 TRACE 15480 --- [relation] [restartedMain] org.hibernate.orm.jdbc.bind              : binding parameter (2:VARCHAR) <- [content1]
2025-01-20T13:37:14.803+09:00 TRACE 15480 --- [relation] [restartedMain] org.hibernate.orm.jdbc.bind              : binding parameter (3:TIMESTAMP) <- [2025-01-20T13:37:14.784913300]
2025-01-20T13:37:14.803+09:00 TRACE 15480 --- [relation] [restartedMain] org.hibernate.orm.jdbc.bind              : binding parameter (4:VARCHAR) <- [null]
2025-01-20T13:37:14.803+09:00 TRACE 15480 --- [relation] [restartedMain] org.hibernate.orm.jdbc.bind              : binding parameter (5:VARCHAR) <- [title1]
2025-01-20T13:37:14.804+09:00 TRACE 15480 --- [relation] [restartedMain] org.hibernate.orm.jdbc.bind              : binding parameter (6:TIMESTAMP) <- [2025-01-20T13:37:14.784913300]
2025-01-20T13:37:14.825+09:00 TRACE 15480 --- [relation] [restartedMain] org.hibernate.orm.jdbc.bind              : binding parameter (1:TIMESTAMP) <- [2025-01-20T13:37:14.823778700]
2025-01-20T13:37:14.826+09:00 TRACE 15480 --- [relation] [restartedMain] org.hibernate.orm.jdbc.bind              : binding parameter (2:VARCHAR) <- [tag11]
2025-01-20T13:37:14.836+09:00 TRACE 15480 --- [relation] [restartedMain] org.hibernate.orm.jdbc.bind              : binding parameter (1:TIMESTAMP) <- [2025-01-20T13:37:14.833775]
2025-01-20T13:37:14.836+09:00 TRACE 15480 --- [relation] [restartedMain] org.hibernate.orm.jdbc.bind              : binding parameter (2:BIGINT) <- [1]
2025-01-20T13:37:14.836+09:00 TRACE 15480 --- [relation] [restartedMain] org.hibernate.orm.jdbc.bind              : binding parameter (3:BIGINT) <- [1]
2025-01-20T13:37:14.848+09:00 TRACE 15480 --- [relation] [restartedMain] org.hibernate.orm.jdbc.bind              : binding parameter (1:VARCHAR) <- [comment11]
2025-01-20T13:37:14.848+09:00 TRACE 15480 --- [relation] [restartedMain] org.hibernate.orm.jdbc.bind              : binding parameter (2:TIMESTAMP) <- [2025-01-20T13:37:14.844974300]
2025-01-20T13:37:14.849+09:00 TRACE 15480 --- [relation] [restartedMain] org.hibernate.orm.jdbc.bind              : binding parameter (3:BIGINT) <- [1]
2025-01-20T13:37:14.849+09:00 TRACE 15480 --- [relation] [restartedMain] org.hibernate.orm.jdbc.bind              : binding parameter (4:TIMESTAMP) <- [2025-01-20T13:37:14.844974300]
2025-01-20T13:37:14.855+09:00 TRACE 15480 --- [relation] [restartedMain] org.hibernate.orm.jdbc.bind              : binding parameter (1:TIMESTAMP) <- [2025-01-20T13:37:14.855973100]
2025-01-20T13:37:14.856+09:00 TRACE 15480 --- [relation] [restartedMain] org.hibernate.orm.jdbc.bind              : binding parameter (2:VARCHAR) <- [tag12]
2025-01-20T13:37:14.864+09:00 TRACE 15480 --- [relation] [restartedMain] org.hibernate.orm.jdbc.bind              : binding parameter (1:TIMESTAMP) <- [2025-01-20T13:37:14.863195800]
2025-01-20T13:37:14.864+09:00 TRACE 15480 --- [relation] [restartedMain] org.hibernate.orm.jdbc.bind              : binding parameter (2:BIGINT) <- [1]
2025-01-20T13:37:14.864+09:00 TRACE 15480 --- [relation] [restartedMain] org.hibernate.orm.jdbc.bind              : binding parameter (3:BIGINT) <- [2]
2025-01-20T13:37:14.871+09:00 TRACE 15480 --- [relation] [restartedMain] org.hibernate.orm.jdbc.bind              : binding parameter (1:VARCHAR) <- [comment12]
2025-01-20T13:37:14.872+09:00 TRACE 15480 --- [relation] [restartedMain] org.hibernate.orm.jdbc.bind              : binding parameter (2:TIMESTAMP) <- [2025-01-20T13:37:14.870198100]
2025-01-20T13:37:14.872+09:00 TRACE 15480 --- [relation] [restartedMain] org.hibernate.orm.jdbc.bind              : binding parameter (3:BIGINT) <- [1]
2025-01-20T13:37:14.872+09:00 TRACE 15480 --- [relation] [restartedMain] org.hibernate.orm.jdbc.bind              : binding parameter (4:TIMESTAMP) <- [2025-01-20T13:37:14.870198100]
2025-01-20T13:37:14.878+09:00 TRACE 15480 --- [relation] [restartedMain] org.hibernate.orm.jdbc.bind              : binding parameter (1:VARCHAR) <- [null]
2025-01-20T13:37:14.880+09:00 TRACE 15480 --- [relation] [restartedMain] org.hibernate.orm.jdbc.bind              : binding parameter (2:VARCHAR) <- [content2]
2025-01-20T13:37:14.880+09:00 TRACE 15480 --- [relation] [restartedMain] org.hibernate.orm.jdbc.bind              : binding parameter (3:TIMESTAMP) <- [2025-01-20T13:37:14.878211700]
2025-01-20T13:37:14.880+09:00 TRACE 15480 --- [relation] [restartedMain] org.hibernate.orm.jdbc.bind              : binding parameter (4:VARCHAR) <- [null]
2025-01-20T13:37:14.881+09:00 TRACE 15480 --- [relation] [restartedMain] org.hibernate.orm.jdbc.bind              : binding parameter (5:VARCHAR) <- [title2]
2025-01-20T13:37:14.881+09:00 TRACE 15480 --- [relation] [restartedMain] org.hibernate.orm.jdbc.bind              : binding parameter (6:TIMESTAMP) <- [2025-01-20T13:37:14.878211700]
2025-01-20T13:37:14.887+09:00 TRACE 15480 --- [relation] [restartedMain] org.hibernate.orm.jdbc.bind              : binding parameter (1:TIMESTAMP) <- [2025-01-20T13:37:14.887176600]
2025-01-20T13:37:14.888+09:00 TRACE 15480 --- [relation] [restartedMain] org.hibernate.orm.jdbc.bind              : binding parameter (2:VARCHAR) <- [tag21]
2025-01-20T13:37:14.896+09:00 TRACE 15480 --- [relation] [restartedMain] org.hibernate.orm.jdbc.bind              : binding parameter (1:TIMESTAMP) <- [2025-01-20T13:37:14.895177100]
2025-01-20T13:37:14.896+09:00 TRACE 15480 --- [relation] [restartedMain] org.hibernate.orm.jdbc.bind              : binding parameter (2:BIGINT) <- [2]
2025-01-20T13:37:14.896+09:00 TRACE 15480 --- [relation] [restartedMain] org.hibernate.orm.jdbc.bind              : binding parameter (3:BIGINT) <- [3]
2025-01-20T13:37:14.903+09:00 TRACE 15480 --- [relation] [restartedMain] org.hibernate.orm.jdbc.bind              : binding parameter (1:VARCHAR) <- [comment21]
2025-01-20T13:37:14.903+09:00 TRACE 15480 --- [relation] [restartedMain] org.hibernate.orm.jdbc.bind              : binding parameter (2:TIMESTAMP) <- [2025-01-20T13:37:14.902488500]
2025-01-20T13:37:14.903+09:00 TRACE 15480 --- [relation] [restartedMain] org.hibernate.orm.jdbc.bind              : binding parameter (3:BIGINT) <- [2]
2025-01-20T13:37:14.904+09:00 TRACE 15480 --- [relation] [restartedMain] org.hibernate.orm.jdbc.bind              : binding parameter (4:TIMESTAMP) <- [2025-01-20T13:37:14.902488500]
2025-01-20T13:37:14.912+09:00 TRACE 15480 --- [relation] [restartedMain] org.hibernate.orm.jdbc.bind              : binding parameter (1:TIMESTAMP) <- [2025-01-20T13:37:14.912506300]
2025-01-20T13:37:14.913+09:00 TRACE 15480 --- [relation] [restartedMain] org.hibernate.orm.jdbc.bind              : binding parameter (2:VARCHAR) <- [tag22]
2025-01-20T13:37:14.918+09:00 TRACE 15480 --- [relation] [restartedMain] org.hibernate.orm.jdbc.bind              : binding parameter (1:TIMESTAMP) <- [2025-01-20T13:37:14.918981400]
2025-01-20T13:37:14.918+09:00 TRACE 15480 --- [relation] [restartedMain] org.hibernate.orm.jdbc.bind              : binding parameter (2:BIGINT) <- [2]
2025-01-20T13:37:14.920+09:00 TRACE 15480 --- [relation] [restartedMain] org.hibernate.orm.jdbc.bind              : binding parameter (3:BIGINT) <- [4]
2025-01-20T13:37:14.926+09:00 TRACE 15480 --- [relation] [restartedMain] org.hibernate.orm.jdbc.bind              : binding parameter (1:VARCHAR) <- [comment22]
2025-01-20T13:37:14.927+09:00 TRACE 15480 --- [relation] [restartedMain] org.hibernate.orm.jdbc.bind              : binding parameter (2:TIMESTAMP) <- [2025-01-20T13:37:14.925702200]
2025-01-20T13:37:14.927+09:00 TRACE 15480 --- [relation] [restartedMain] org.hibernate.orm.jdbc.bind              : binding parameter (3:BIGINT) <- [2]
2025-01-20T13:37:14.927+09:00 TRACE 15480 --- [relation] [restartedMain] org.hibernate.orm.jdbc.bind              : binding parameter (4:TIMESTAMP) <- [2025-01-20T13:37:14.925702200]
2025-01-20T13:37:14.934+09:00 TRACE 15480 --- [relation] [restartedMain] org.hibernate.orm.jdbc.bind              : binding parameter (1:VARCHAR) <- [null]
2025-01-20T13:37:14.934+09:00 TRACE 15480 --- [relation] [restartedMain] org.hibernate.orm.jdbc.bind              : binding parameter (2:VARCHAR) <- [content3]
2025-01-20T13:37:14.934+09:00 TRACE 15480 --- [relation] [restartedMain] org.hibernate.orm.jdbc.bind              : binding parameter (3:TIMESTAMP) <- [2025-01-20T13:37:14.933702800]
2025-01-20T13:37:14.935+09:00 TRACE 15480 --- [relation] [restartedMain] org.hibernate.orm.jdbc.bind              : binding parameter (4:VARCHAR) <- [null]
2025-01-20T13:37:14.935+09:00 TRACE 15480 --- [relation] [restartedMain] org.hibernate.orm.jdbc.bind              : binding parameter (5:VARCHAR) <- [title3]
2025-01-20T13:37:14.935+09:00 TRACE 15480 --- [relation] [restartedMain] org.hibernate.orm.jdbc.bind              : binding parameter (6:TIMESTAMP) <- [2025-01-20T13:37:14.933702800]
2025-01-20T13:37:14.943+09:00 TRACE 15480 --- [relation] [restartedMain] org.hibernate.orm.jdbc.bind              : binding parameter (1:TIMESTAMP) <- [2025-01-20T13:37:14.942186500]
2025-01-20T13:37:14.944+09:00 TRACE 15480 --- [relation] [restartedMain] org.hibernate.orm.jdbc.bind              : binding parameter (2:VARCHAR) <- [tag31]
2025-01-20T13:37:14.950+09:00 TRACE 15480 --- [relation] [restartedMain] org.hibernate.orm.jdbc.bind              : binding parameter (1:TIMESTAMP) <- [2025-01-20T13:37:14.949331200]
2025-01-20T13:37:14.950+09:00 TRACE 15480 --- [relation] [restartedMain] org.hibernate.orm.jdbc.bind              : binding parameter (2:BIGINT) <- [3]
2025-01-20T13:37:14.950+09:00 TRACE 15480 --- [relation] [restartedMain] org.hibernate.orm.jdbc.bind              : binding parameter (3:BIGINT) <- [5]
2025-01-20T13:37:14.957+09:00 TRACE 15480 --- [relation] [restartedMain] org.hibernate.orm.jdbc.bind              : binding parameter (1:VARCHAR) <- [comment31]
2025-01-20T13:37:14.958+09:00 TRACE 15480 --- [relation] [restartedMain] org.hibernate.orm.jdbc.bind              : binding parameter (2:TIMESTAMP) <- [2025-01-20T13:37:14.956323700]
2025-01-20T13:37:14.958+09:00 TRACE 15480 --- [relation] [restartedMain] org.hibernate.orm.jdbc.bind              : binding parameter (3:BIGINT) <- [3]
2025-01-20T13:37:14.958+09:00 TRACE 15480 --- [relation] [restartedMain] org.hibernate.orm.jdbc.bind              : binding parameter (4:TIMESTAMP) <- [2025-01-20T13:37:14.956323700]
2025-01-20T13:37:14.964+09:00 TRACE 15480 --- [relation] [restartedMain] org.hibernate.orm.jdbc.bind              : binding parameter (1:TIMESTAMP) <- [2025-01-20T13:37:14.964663500]
2025-01-20T13:37:14.965+09:00 TRACE 15480 --- [relation] [restartedMain] org.hibernate.orm.jdbc.bind              : binding parameter (2:VARCHAR) <- [tag32]
2025-01-20T13:37:14.972+09:00 TRACE 15480 --- [relation] [restartedMain] org.hibernate.orm.jdbc.bind              : binding parameter (1:TIMESTAMP) <- [2025-01-20T13:37:14.971022700]
2025-01-20T13:37:14.972+09:00 TRACE 15480 --- [relation] [restartedMain] org.hibernate.orm.jdbc.bind              : binding parameter (2:BIGINT) <- [3]
2025-01-20T13:37:14.973+09:00 TRACE 15480 --- [relation] [restartedMain] org.hibernate.orm.jdbc.bind              : binding parameter (3:BIGINT) <- [6]
2025-01-20T13:37:14.979+09:00 TRACE 15480 --- [relation] [restartedMain] org.hibernate.orm.jdbc.bind              : binding parameter (1:VARCHAR) <- [comment32]
2025-01-20T13:37:14.979+09:00 TRACE 15480 --- [relation] [restartedMain] org.hibernate.orm.jdbc.bind              : binding parameter (2:TIMESTAMP) <- [2025-01-20T13:37:14.978021600]
2025-01-20T13:37:14.979+09:00 TRACE 15480 --- [relation] [restartedMain] org.hibernate.orm.jdbc.bind              : binding parameter (3:BIGINT) <- [3]
2025-01-20T13:37:14.979+09:00 TRACE 15480 --- [relation] [restartedMain] org.hibernate.orm.jdbc.bind              : binding parameter (4:TIMESTAMP) <- [2025-01-20T13:37:14.978021600]
2025-01-20T13:38:03.676+09:00  INFO 16448 --- [relation] [restartedMain] c.example.relation.RelationApplication   : Starting RelationApplication using Java 21.0.5 with PID 16448 (C:\Users\하은\sesac\my\Java\relation\build\classes\java\main started by 하은 in C:\Users\하은\sesac\my\Java\relation)
2025-01-20T13:38:03.681+09:00  INFO 16448 --- [relation] [restartedMain] c.example.relation.RelationApplication   : No active profile set, falling back to 1 default profile: "default"
2025-01-20T13:38:03.821+09:00  INFO 16448 --- [relation] [restartedMain] .e.DevToolsPropertyDefaultsPostProcessor : Devtools property defaults active! Set 'spring.devtools.add-properties' to 'false' to disable
2025-01-20T13:38:03.822+09:00  INFO 16448 --- [relation] [restartedMain] .e.DevToolsPropertyDefaultsPostProcessor : For additional web related logging consider setting the 'logging.level.web' property to 'DEBUG'
2025-01-20T13:38:06.279+09:00  INFO 16448 --- [relation] [restartedMain] .s.d.r.c.RepositoryConfigurationDelegate : Bootstrapping Spring Data JPA repositories in DEFAULT mode.
2025-01-20T13:38:06.513+09:00  INFO 16448 --- [relation] [restartedMain] .s.d.r.c.RepositoryConfigurationDelegate : Finished Spring Data repository scanning in 210 ms. Found 6 JPA repository interfaces.
2025-01-20T13:38:08.745+09:00  INFO 16448 --- [relation] [restartedMain] o.s.b.w.embedded.tomcat.TomcatWebServer  : Tomcat initialized with port 8080 (http)
2025-01-20T13:38:08.786+09:00  INFO 16448 --- [relation] [restartedMain] o.apache.catalina.core.StandardService   : Starting service [Tomcat]
2025-01-20T13:38:08.786+09:00  INFO 16448 --- [relation] [restartedMain] o.apache.catalina.core.StandardEngine    : Starting Servlet engine: [Apache Tomcat/10.1.34]
2025-01-20T13:38:08.951+09:00  INFO 16448 --- [relation] [restartedMain] o.a.c.c.C.[Tomcat].[localhost].[/]       : Initializing Spring embedded WebApplicationContext
2025-01-20T13:38:08.951+09:00  INFO 16448 --- [relation] [restartedMain] w.s.c.ServletWebServerApplicationContext : Root WebApplicationContext: initialization completed in 5128 ms
2025-01-20T13:38:09.328+09:00  INFO 16448 --- [relation] [restartedMain] o.hibernate.jpa.internal.util.LogHelper  : HHH000204: Processing PersistenceUnitInfo [name: default]
2025-01-20T13:38:09.460+09:00  INFO 16448 --- [relation] [restartedMain] org.hibernate.Version                    : HHH000412: Hibernate ORM core version 6.6.4.Final
2025-01-20T13:38:09.535+09:00  INFO 16448 --- [relation] [restartedMain] o.h.c.internal.RegionFactoryInitiator    : HHH000026: Second-level cache disabled
2025-01-20T13:38:10.402+09:00  INFO 16448 --- [relation] [restartedMain] o.s.o.j.p.SpringPersistenceUnitInfo      : No LoadTimeWeaver setup: ignoring JPA class transformer
2025-01-20T13:38:10.496+09:00  INFO 16448 --- [relation] [restartedMain] com.zaxxer.hikari.HikariDataSource       : HikariPool-1 - Starting...
2025-01-20T13:38:11.386+09:00  INFO 16448 --- [relation] [restartedMain] com.zaxxer.hikari.pool.HikariPool        : HikariPool-1 - Added connection com.mysql.cj.jdbc.ConnectionImpl@2892ec83
2025-01-20T13:38:11.390+09:00  INFO 16448 --- [relation] [restartedMain] com.zaxxer.hikari.HikariDataSource       : HikariPool-1 - Start completed.
2025-01-20T13:38:11.662+09:00  INFO 16448 --- [relation] [restartedMain] org.hibernate.orm.connections.pooling    : HHH10001005: Database info:
	Database JDBC URL [Connecting through datasource 'HikariDataSource (HikariPool-1)']
	Database driver: undefined/unknown
	Database version: 8.0.40
	Autocommit mode: undefined/unknown
	Isolation level: undefined/unknown
	Minimum pool size: undefined/unknown
	Maximum pool size: undefined/unknown
2025-01-20T13:38:13.746+09:00  INFO 16448 --- [relation] [restartedMain] o.h.e.t.j.p.i.JtaPlatformInitiator       : HHH000489: No JTA platform available (set 'hibernate.transaction.jta.platform' to enable JTA platform integration)
2025-01-20T13:38:14.449+09:00  INFO 16448 --- [relation] [restartedMain] j.LocalContainerEntityManagerFactoryBean : Initialized JPA EntityManagerFactory for persistence unit 'default'
2025-01-20T13:38:15.181+09:00  INFO 16448 --- [relation] [restartedMain] o.s.d.j.r.query.QueryEnhancerFactory     : Hibernate is in classpath; If applicable, HQL parser will be used.
2025-01-20T13:38:17.333+09:00  WARN 16448 --- [relation] [restartedMain] JpaBaseConfiguration$JpaWebConfiguration : spring.jpa.open-in-view is enabled by default. Therefore, database queries may be performed during view rendering. Explicitly configure spring.jpa.open-in-view to disable this warning
2025-01-20T13:38:17.361+09:00  INFO 16448 --- [relation] [restartedMain] r$InitializeUserDetailsManagerConfigurer : Global AuthenticationManager configured with UserDetailsService bean with name customUserDetailsService
2025-01-20T13:38:18.294+09:00  WARN 16448 --- [relation] [restartedMain] thorizationManagerRequestMatcherRegistry : One of the patterns in [/swagger-ui/**, swagger-ui.html, /api-docs/**] is missing a leading slash. This is discouraged; please include the leading slash in all your request matcher patterns. In future versions of Spring Security, leaving out the leading slash will result in an exception.
2025-01-20T13:38:19.106+09:00  INFO 16448 --- [relation] [restartedMain] o.s.b.d.a.OptionalLiveReloadServer       : LiveReload server is running on port 35729
2025-01-20T13:38:19.168+09:00  INFO 16448 --- [relation] [restartedMain] o.s.b.w.embedded.tomcat.TomcatWebServer  : Tomcat started on port 8080 (http) with context path '/'
2025-01-20T13:38:19.191+09:00  INFO 16448 --- [relation] [restartedMain] c.example.relation.RelationApplication   : Started RelationApplication in 16.411 seconds (process running for 17.454)
2025-01-20T13:38:31.287+09:00  INFO 23044 --- [relation] [restartedMain] c.example.relation.RelationApplication   : Starting RelationApplication using Java 21.0.5 with PID 23044 (C:\Users\하은\sesac\my\Java\relation\build\classes\java\main started by 하은 in C:\Users\하은\sesac\my\Java\relation)
2025-01-20T13:38:31.305+09:00  INFO 23044 --- [relation] [restartedMain] c.example.relation.RelationApplication   : No active profile set, falling back to 1 default profile: "default"
2025-01-20T13:38:31.440+09:00  INFO 23044 --- [relation] [restartedMain] .e.DevToolsPropertyDefaultsPostProcessor : Devtools property defaults active! Set 'spring.devtools.add-properties' to 'false' to disable
2025-01-20T13:38:31.441+09:00  INFO 23044 --- [relation] [restartedMain] .e.DevToolsPropertyDefaultsPostProcessor : For additional web related logging consider setting the 'logging.level.web' property to 'DEBUG'
2025-01-20T13:38:33.711+09:00  INFO 23044 --- [relation] [restartedMain] .s.d.r.c.RepositoryConfigurationDelegate : Bootstrapping Spring Data JPA repositories in DEFAULT mode.
2025-01-20T13:38:33.905+09:00  INFO 23044 --- [relation] [restartedMain] .s.d.r.c.RepositoryConfigurationDelegate : Finished Spring Data repository scanning in 175 ms. Found 6 JPA repository interfaces.
2025-01-20T13:38:35.478+09:00  INFO 23044 --- [relation] [restartedMain] o.s.b.w.embedded.tomcat.TomcatWebServer  : Tomcat initialized with port 8080 (http)
2025-01-20T13:38:35.516+09:00  INFO 23044 --- [relation] [restartedMain] o.apache.catalina.core.StandardService   : Starting service [Tomcat]
2025-01-20T13:38:35.517+09:00  INFO 23044 --- [relation] [restartedMain] o.apache.catalina.core.StandardEngine    : Starting Servlet engine: [Apache Tomcat/10.1.34]
2025-01-20T13:38:35.669+09:00  INFO 23044 --- [relation] [restartedMain] o.a.c.c.C.[Tomcat].[localhost].[/]       : Initializing Spring embedded WebApplicationContext
2025-01-20T13:38:35.669+09:00  INFO 23044 --- [relation] [restartedMain] w.s.c.ServletWebServerApplicationContext : Root WebApplicationContext: initialization completed in 4227 ms
2025-01-20T13:38:35.969+09:00  INFO 23044 --- [relation] [restartedMain] o.hibernate.jpa.internal.util.LogHelper  : HHH000204: Processing PersistenceUnitInfo [name: default]
2025-01-20T13:38:36.089+09:00  INFO 23044 --- [relation] [restartedMain] org.hibernate.Version                    : HHH000412: Hibernate ORM core version 6.6.4.Final
2025-01-20T13:38:36.161+09:00  INFO 23044 --- [relation] [restartedMain] o.h.c.internal.RegionFactoryInitiator    : HHH000026: Second-level cache disabled
2025-01-20T13:38:36.777+09:00  INFO 23044 --- [relation] [restartedMain] o.s.o.j.p.SpringPersistenceUnitInfo      : No LoadTimeWeaver setup: ignoring JPA class transformer
2025-01-20T13:38:36.848+09:00  INFO 23044 --- [relation] [restartedMain] com.zaxxer.hikari.HikariDataSource       : HikariPool-1 - Starting...
2025-01-20T13:38:37.502+09:00  INFO 23044 --- [relation] [restartedMain] com.zaxxer.hikari.pool.HikariPool        : HikariPool-1 - Added connection com.mysql.cj.jdbc.ConnectionImpl@3f18d38c
2025-01-20T13:38:37.506+09:00  INFO 23044 --- [relation] [restartedMain] com.zaxxer.hikari.HikariDataSource       : HikariPool-1 - Start completed.
2025-01-20T13:38:37.689+09:00  INFO 23044 --- [relation] [restartedMain] org.hibernate.orm.connections.pooling    : HHH10001005: Database info:
	Database JDBC URL [Connecting through datasource 'HikariDataSource (HikariPool-1)']
	Database driver: undefined/unknown
	Database version: 8.0.40
	Autocommit mode: undefined/unknown
	Isolation level: undefined/unknown
	Minimum pool size: undefined/unknown
	Maximum pool size: undefined/unknown
2025-01-20T13:38:39.778+09:00  INFO 23044 --- [relation] [restartedMain] o.h.e.t.j.p.i.JtaPlatformInitiator       : HHH000489: No JTA platform available (set 'hibernate.transaction.jta.platform' to enable JTA platform integration)
2025-01-20T13:38:40.524+09:00  INFO 23044 --- [relation] [restartedMain] j.LocalContainerEntityManagerFactoryBean : Initialized JPA EntityManagerFactory for persistence unit 'default'
2025-01-20T13:38:41.271+09:00  INFO 23044 --- [relation] [restartedMain] o.s.d.j.r.query.QueryEnhancerFactory     : Hibernate is in classpath; If applicable, HQL parser will be used.
2025-01-20T13:38:44.504+09:00  WARN 23044 --- [relation] [restartedMain] JpaBaseConfiguration$JpaWebConfiguration : spring.jpa.open-in-view is enabled by default. Therefore, database queries may be performed during view rendering. Explicitly configure spring.jpa.open-in-view to disable this warning
2025-01-20T13:38:44.606+09:00  INFO 23044 --- [relation] [restartedMain] r$InitializeUserDetailsManagerConfigurer : Global AuthenticationManager configured with UserDetailsService bean with name customUserDetailsService
2025-01-20T13:38:45.260+09:00  WARN 23044 --- [relation] [restartedMain] thorizationManagerRequestMatcherRegistry : One of the patterns in [/swagger-ui/**, swagger-ui.html, /api-docs/**] is missing a leading slash. This is discouraged; please include the leading slash in all your request matcher patterns. In future versions of Spring Security, leaving out the leading slash will result in an exception.
2025-01-20T13:38:45.947+09:00  INFO 23044 --- [relation] [restartedMain] o.s.b.d.a.OptionalLiveReloadServer       : LiveReload server is running on port 35729
2025-01-20T13:38:46.004+09:00  INFO 23044 --- [relation] [restartedMain] o.s.b.w.embedded.tomcat.TomcatWebServer  : Tomcat started on port 8080 (http) with context path '/'
2025-01-20T13:38:46.020+09:00  INFO 23044 --- [relation] [restartedMain] c.example.relation.RelationApplication   : Started RelationApplication in 15.534 seconds (process running for 16.385)
